INFO: (function: run) Combine.cc: 961 -- Generate Asimov toy from parameter values ... 
INFO: (function: run) Combine.cc: 965 -- CMS_channel = 3 
INFO: (function: run) Combine.cc: 965 -- CMS_lumi_13TeV_2017 = 0 
INFO: (function: run) Combine.cc: 965 -- CMS_lumi_13TeV_2017_In = 0 (constant)
INFO: (function: run) Combine.cc: 965 -- CMS_lumi_13TeV_correlated_ = 0 
INFO: (function: run) Combine.cc: 965 -- CMS_lumi_13TeV_correlated_20172018 = 0 
INFO: (function: run) Combine.cc: 965 -- CMS_lumi_13TeV_correlated_20172018_In = 0 (constant)
INFO: (function: run) Combine.cc: 965 -- CMS_lumi_13TeV_correlated__In = 0 (constant)
INFO: (function: run) Combine.cc: 965 -- msd = 197.5 
INFO: (function: run) Combine.cc: 965 -- n_exp_binptbin0charmfail2017_proc_qcd = 1 (constant)
INFO: (function: run) Combine.cc: 965 -- n_exp_binptbin0charmpass2017_proc_qcd = 1 (constant)
INFO: (function: run) Combine.cc: 965 -- n_exp_binptbin0lightfail2017_proc_qcd = 1 (constant)
INFO: (function: run) Combine.cc: 965 -- n_exp_binptbin0lightpass2017_proc_qcd = 1 (constant)
INFO: (function: run) Combine.cc: 965 -- qcdparam_charm_ptbin0 = 0 
INFO: (function: run) Combine.cc: 965 -- qcdparam_light_ptbin0 = 0 
INFO: (function: run) Combine.cc: 965 -- rVH = 1 
INFO: (function: run) Combine.cc: 965 -- tf_MCtempl_charm2017_deco0 = 0 
INFO: (function: run) Combine.cc: 965 -- tf_MCtempl_charm2017_deco0_In = 0 (constant)
INFO: (function: run) Combine.cc: 965 -- tf_MCtempl_charm2017_deco1 = 0 
INFO: (function: run) Combine.cc: 965 -- tf_MCtempl_charm2017_deco1_In = 0 (constant)
INFO: (function: run) Combine.cc: 965 -- tf_MCtempl_light2017_deco0 = 0 
INFO: (function: run) Combine.cc: 965 -- tf_MCtempl_light2017_deco0_In = 0 (constant)
INFO: (function: run) Combine.cc: 965 -- tf_MCtempl_light2017_deco1 = 0 
INFO: (function: run) Combine.cc: 965 -- tf_MCtempl_light2017_deco1_In = 0 (constant)
INFO: (function: run) Combine.cc: 965 -- tf_dataResidual_2017charm_pt_par0_rho_par0 = 1 
INFO: (function: run) Combine.cc: 965 -- tf_dataResidual_2017charm_pt_par0_rho_par1 = 1 
INFO: (function: run) Combine.cc: 965 -- tf_dataResidual_2017light_pt_par0_rho_par0 = 1 
INFO: (function: run) Combine.cc: 965 -- tf_dataResidual_2017light_pt_par0_rho_par1 = 1 
INFO: (function: generateAsimov) ToyMCSamplerOpt.cc: 139 -- Using internal logic for binned/unbinned Asimov dataset generation
INFO: (function: generateWithHisto) ToyMCSamplerOpt.cc: 214 -- Generating asimov with histogram for pdf pdf_binptbin0lightpass2017_obsOnly: in 23 x-bins
INFO: (function: generateAsimov) ToyMCSamplerOpt.cc: 139 -- Using internal logic for binned/unbinned Asimov dataset generation
INFO: (function: generateWithHisto) ToyMCSamplerOpt.cc: 214 -- Generating asimov with histogram for pdf pdf_binptbin0lightfail2017_obsOnly: in 23 x-bins
INFO: (function: generateAsimov) ToyMCSamplerOpt.cc: 139 -- Using internal logic for binned/unbinned Asimov dataset generation
INFO: (function: generateWithHisto) ToyMCSamplerOpt.cc: 214 -- Generating asimov with histogram for pdf pdf_binptbin0charmpass2017_obsOnly: in 23 x-bins
INFO: (function: generateAsimov) ToyMCSamplerOpt.cc: 139 -- Using internal logic for binned/unbinned Asimov dataset generation
INFO: (function: generateWithHisto) ToyMCSamplerOpt.cc: 214 -- Generating asimov with histogram for pdf pdf_binptbin0charmfail2017_obsOnly: in 23 x-bins
INFO: (function: improveOnce) CascadeMinimizer.cc: 167 -- Minimisation configured with Type=Minuit2, Algo=Migrad, strategy=0, tolerance=0.1
INFO: (function: improveOnce) CascadeMinimizer.cc: 190 -- Minimisation finished with status=0
INFO: (function: improveOnce) CascadeMinimizer.cc: 195 -- Minimization success! status=0
INFO: (function: improveOnce) CascadeMinimizer.cc: 167 -- Minimisation configured with Type=Minuit2, Algo=Migrad, strategy=0, tolerance=0.1
INFO: (function: improveOnce) CascadeMinimizer.cc: 190 -- Minimisation finished with status=0
INFO: (function: improveOnce) CascadeMinimizer.cc: 195 -- Minimization success! status=0
